2022-08-11T10:16:43+00:00 CRITICAL syntax error, unexpected '<', expecting end of file в C:\OpenServer\domains\medokey\wp-content\themes\medokey\comments.php на строке 143

2022-08-11T10:16:46+00:00 CRITICAL syntax error, unexpected '<', expecting end of file в C:\OpenServer\domains\medokey\wp-content\themes\medokey\comments.php на строке 143

2022-08-11T10:17:43+00:00 CRITICAL syntax error, unexpected end of file в C:\OpenServer\domains\medokey\wp-content\themes\medokey\comments.php на строке 283

2022-08-11T10:17:46+00:00 CRITICAL syntax error, unexpected end of file в C:\OpenServer\domains\medokey\wp-content\themes\medokey\comments.php на строке 283

2022-08-11T10:18:56+00:00 CRITICAL syntax error, unexpected end of file в C:\OpenServer\domains\medokey\wp-content\themes\medokey\comments.php на строке 283

2022-08-11T10:18:59+00:00 CRITICAL syntax error, unexpected end of file в C:\OpenServer\domains\medokey\wp-content\themes\medokey\comments.php на строке 283

2022-08-11T10:21:34+00:00 CRITICAL Maximum execution time of 60 seconds exceeded в C:\OpenServer\domains\medokey\wp-includes\general-template.php на строке 743

2022-08-11T10:33:58+00:00 CRITICAL Maximum execution time of 60 seconds exceeded в C:\OpenServer\domains\medokey\wp-includes\general-template.php на строке 743

2022-08-11T10:37:43+00:00 CRITICAL Maximum execution time of 60 seconds exceeded в C:\OpenServer\domains\medokey\wp-includes\general-template.php на строке 743

2022-08-11T10:51:30+00:00 CRITICAL Uncaught Error: Class 'TwentyTwenty_Walker_Comment' not found in C:\OpenServer\domains\medokey\wp-content\themes\medokey\comments.php:65
Stack trace:
#0 C:\OpenServer\domains\medokey\wp-includes\comment-template.php(1556): require()
#1 C:\OpenServer\domains\medokey\wp-content\themes\medokey\feedback.php(128): comments_template()
#2 C:\OpenServer\domains\medokey\wp-includes\template-loader.php(106): include('C:\\OpenServer\\d...')
#3 C:\OpenServer\domains\medokey\wp-blog-header.php(19): require_once('C:\\OpenServer\\d...')
#4 C:\OpenServer\domains\medokey\index.php(17): require('C:\\OpenServer\\d...')
#5 {main}
  thrown в C:\OpenServer\domains\medokey\wp-content\themes\medokey\comments.php на строке 65

2022-08-11T10:51:43+00:00 CRITICAL Uncaught Error: Class 'TwentyTwenty_Walker_Comment' not found in C:\OpenServer\domains\medokey\wp-content\themes\medokey\comments.php:65
Stack trace:
#0 C:\OpenServer\domains\medokey\wp-includes\comment-template.php(1556): require()
#1 C:\OpenServer\domains\medokey\wp-content\themes\medokey\feedback.php(128): comments_template()
#2 C:\OpenServer\domains\medokey\wp-includes\template-loader.php(106): include('C:\\OpenServer\\d...')
#3 C:\OpenServer\domains\medokey\wp-blog-header.php(19): require_once('C:\\OpenServer\\d...')
#4 C:\OpenServer\domains\medokey\index.php(17): require('C:\\OpenServer\\d...')
#5 {main}
  thrown в C:\OpenServer\domains\medokey\wp-content\themes\medokey\comments.php на строке 65

2022-08-11T11:33:11+00:00 CRITICAL syntax error, unexpected end of file в C:\OpenServer\domains\medokey\wp-content\themes\medokey\comments.php на строке 2

2022-08-11T13:01:38+00:00 CRITICAL syntax error, unexpected ''email'' (T_CONSTANT_ENCAPSED_STRING), expecting ')' в C:\OpenServer\domains\medokey\wp-content\themes\medokey\comments.php на строке 62

2022-08-11T13:02:20+00:00 CRITICAL syntax error, unexpected ''email'' (T_CONSTANT_ENCAPSED_STRING), expecting ')' в C:\OpenServer\domains\medokey\wp-content\themes\medokey\comments.php на строке 62

2022-08-11T13:02:25+00:00 CRITICAL syntax error, unexpected ''email'' (T_CONSTANT_ENCAPSED_STRING), expecting ')' в C:\OpenServer\domains\medokey\wp-content\themes\medokey\comments.php на строке 62

2022-08-11T13:02:44+00:00 CRITICAL syntax error, unexpected ''email'' (T_CONSTANT_ENCAPSED_STRING), expecting ')' в C:\OpenServer\domains\medokey\wp-content\themes\medokey\comments.php на строке 62

2022-08-11T13:10:11+00:00 CRITICAL syntax error, unexpected ';', expecting ')' в C:\OpenServer\domains\medokey\wp-content\themes\medokey\comments.php на строке 64

2022-08-11T13:13:38+00:00 CRITICAL syntax error, unexpected ''email'' (T_CONSTANT_ENCAPSED_STRING), expecting ')' в C:\OpenServer\domains\medokey\wp-content\themes\medokey\comments.php на строке 62

